<?xml version="1.0" encoding="UTF-8"?>
<!-- Generated by org.testng.reporters.JUnitReportReporter -->
<testsuite hostname="DESKTOP-KGARMQN" failures="0" tests="2" name="Positive.positive_test" time="42.109" errors="0" timestamp="2021-05-07T17:52:07 IST" skipped="0">
  <testcase classname="Positive.positive_test" name="test1" time="5.641"/>
  <system-out/>
  <testcase classname="Positive.positive_test" name="test2" time="36.468"/>
  <system-out/>
</testsuite> <!-- Positive.positive_test -->
