<?xml version="1.0" encoding="UTF-8"?>
<!-- Generated by org.testng.reporters.JUnitReportReporter -->
<testsuite hostname="DESKTOP-KGARMQN" failures="0" tests="2" name="Positive.positive_test" time="13.963" errors="0" timestamp="2021-02-04T12:25:18 IST" skipped="0">
  <testcase classname="Positive.positive_test" name="test1" time="8.484"/>
  <system-out/>
  <testcase classname="Positive.positive_test" name="test2" time="5.479"/>
  <system-out/>
</testsuite> <!-- Positive.positive_test -->
